<?xml version="1.0" encoding="UTF-8"?>
<testsuite name="jpacman.LauncherSmokeTest" tests="1" skipped="0" failures="0" errors="0" timestamp="2020-09-15T23:47:47" hostname="DESKTOP-7BKGPU9" time="1.367">
  <properties/>
  <testcase name="smokeTest()" classname="jpacman.LauncherSmokeTest" time="1.367"/>
  <system-out><![CDATA[]]></system-out>
  <system-err><![CDATA[]]></system-err>
</testsuite>
